C:\USERS\DANIM\WORKSPACE\PSOLAB\CUDAPSOMONOBLOCK\DEBUG\PSOBASE.OBJ
C:\USERS\DANIM\WORKSPACE\PSOLAB\CUDAPSOMONOBLOCK\DEBUG\MAIN.OBJ
C:\USERS\DANIM\WORKSPACE\PSOLAB\CUDAPSOMONOBLOCK\DEBUG\VC110.PDB
C:\USERS\DANIM\WORKSPACE\PSOLAB\DEBUG\CUDAPSOMONOBLOCK.ILK
C:\USERS\DANIM\WORKSPACE\PSOLAB\DEBUG\CUDAPSOMONOBLOCK.EXE
C:\USERS\DANIM\WORKSPACE\PSOLAB\DEBUG\CUDAPSOMONOBLOCK.PDB
C:\Users\danim\workspace\PSOLab\CudaPSOMonoBlock\Debug\PSOCuda.cu.cache
C:\Users\danim\workspace\PSOLab\CudaPSOMonoBlock\Debug\Main.obj
C:\Users\danim\workspace\PSOLab\CudaPSOMonoBlock\Debug\PSOBase.obj
C:\Users\danim\workspace\PSOLab\CudaPSOMonoBlock\Debug\PSOCuda.cu.obj
C:\Users\danim\workspace\PSOLab\CudaPSOMonoBlock\Debug\cl.command.1.tlog
C:\Users\danim\workspace\PSOLab\CudaPSOMonoBlock\Debug\CL.read.1.tlog
C:\Users\danim\workspace\PSOLab\CudaPSOMonoBlock\Debug\CL.write.1.tlog
C:\Users\danim\workspace\PSOLab\CudaPSOMonoBlock\Debug\link-cvtres.read.1.tlog
C:\Users\danim\workspace\PSOLab\CudaPSOMonoBlock\Debug\link-cvtres.write.1.tlog
C:\Users\danim\workspace\PSOLab\CudaPSOMonoBlock\Debug\link-rc.read.1.tlog
C:\Users\danim\workspace\PSOLab\CudaPSOMonoBlock\Debug\link-rc.write.1.tlog
C:\Users\danim\workspace\PSOLab\CudaPSOMonoBlock\Debug\link.12472-cvtres.read.1.tlog
C:\Users\danim\workspace\PSOLab\CudaPSOMonoBlock\Debug\link.12472-cvtres.write.1.tlog
C:\Users\danim\workspace\PSOLab\CudaPSOMonoBlock\Debug\link.12472-rc.read.1.tlog
C:\Users\danim\workspace\PSOLab\CudaPSOMonoBlock\Debug\link.12472-rc.write.1.tlog
C:\Users\danim\workspace\PSOLab\CudaPSOMonoBlock\Debug\link.12472.read.1.tlog
C:\Users\danim\workspace\PSOLab\CudaPSOMonoBlock\Debug\link.12472.write.1.tlog
C:\Users\danim\workspace\PSOLab\CudaPSOMonoBlock\Debug\link.command.1.tlog
C:\Users\danim\workspace\PSOLab\CudaPSOMonoBlock\Debug\link.read.1.tlog
C:\Users\danim\workspace\PSOLab\CudaPSOMonoBlock\Debug\link.write.1.tlog
C:\Users\danim\workspace\PSOLab\CudaPSOMonoBlock\Debug\vc110.idb
C:\Users\danim\workspace\PSOLab\CudaPSOMonoBlock\Debug\vc110.pdb
C:\Users\danim\workspace\PSOLab\Debug\CudaPSOMonoBlock.pdb
C:\Users\danim\workspace\PSOLab\Debug\CudaPSOMonoBlock.exe
C:\Users\danim\workspace\PSOLab\Debug\CudaPSOMonoBlock.ilk
