C:\USERS\DANIM\WORKSPACE\PSOLAB\CPPOMPPSO\DEBUG\PSOBASE.OBJ
C:\USERS\DANIM\WORKSPACE\PSOLAB\CPPOMPPSO\DEBUG\VC110.PDB
C:\USERS\DANIM\WORKSPACE\PSOLAB\CPPOMPPSO\DEBUG\MAIN.OBJ
C:\USERS\DANIM\WORKSPACE\PSOLAB\CPPOMPPSO\DEBUG\PSOCPP.OBJ
C:\USERS\DANIM\WORKSPACE\PSOLAB\DEBUG\CPPOMPPSO.ILK
C:\USERS\DANIM\WORKSPACE\PSOLAB\DEBUG\CPPOMPPSO.EXE
C:\USERS\DANIM\WORKSPACE\PSOLAB\DEBUG\CPPOMPPSO.PDB
C:\Users\danim\workspace\PSOLab\CppOmpPSO\Debug\Main.obj
C:\Users\danim\workspace\PSOLab\CppOmpPSO\Debug\PSOBase.obj
C:\Users\danim\workspace\PSOLab\CppOmpPSO\Debug\PSOCpp.obj
C:\Users\danim\workspace\PSOLab\CppOmpPSO\Debug\cl.command.1.tlog
C:\Users\danim\workspace\PSOLab\CppOmpPSO\Debug\CL.read.1.tlog
C:\Users\danim\workspace\PSOLab\CppOmpPSO\Debug\CL.write.1.tlog
C:\Users\danim\workspace\PSOLab\CppOmpPSO\Debug\link-cvtres.read.1.tlog
C:\Users\danim\workspace\PSOLab\CppOmpPSO\Debug\link-cvtres.write.1.tlog
C:\Users\danim\workspace\PSOLab\CppOmpPSO\Debug\link-rc.read.1.tlog
C:\Users\danim\workspace\PSOLab\CppOmpPSO\Debug\link-rc.write.1.tlog
C:\Users\danim\workspace\PSOLab\CppOmpPSO\Debug\link.11968-cvtres.read.1.tlog
C:\Users\danim\workspace\PSOLab\CppOmpPSO\Debug\link.11968-cvtres.write.1.tlog
C:\Users\danim\workspace\PSOLab\CppOmpPSO\Debug\link.11968-rc.read.1.tlog
C:\Users\danim\workspace\PSOLab\CppOmpPSO\Debug\link.11968-rc.write.1.tlog
C:\Users\danim\workspace\PSOLab\CppOmpPSO\Debug\link.11968.read.1.tlog
C:\Users\danim\workspace\PSOLab\CppOmpPSO\Debug\link.11968.write.1.tlog
C:\Users\danim\workspace\PSOLab\CppOmpPSO\Debug\link.command.1.tlog
C:\Users\danim\workspace\PSOLab\CppOmpPSO\Debug\link.read.1.tlog
C:\Users\danim\workspace\PSOLab\CppOmpPSO\Debug\link.write.1.tlog
C:\Users\danim\workspace\PSOLab\CppOmpPSO\Debug\vc110.idb
C:\Users\danim\workspace\PSOLab\CppOmpPSO\Debug\vc110.pdb
C:\Users\danim\workspace\PSOLab\Debug\CppOmpPSO.pdb
C:\Users\danim\workspace\PSOLab\Debug\CppOmpPSO.exe
C:\Users\danim\workspace\PSOLab\Debug\CppOmpPSO.ilk
