C:\USERS\DANIM\WORKSPACE\PSOLAB\CUDAPSOMULTIBLOCK\DEBUG\VC110.PDB
C:\USERS\DANIM\WORKSPACE\PSOLAB\CUDAPSOMULTIBLOCK\DEBUG\MAIN.OBJ
C:\USERS\DANIM\WORKSPACE\PSOLAB\CUDAPSOMULTIBLOCK\DEBUG\PSOBASE.OBJ
C:\USERS\DANIM\WORKSPACE\PSOLAB\DEBUG\CUDAPSOMULTIBLOCK.ILK
C:\USERS\DANIM\WORKSPACE\PSOLAB\DEBUG\CUDAPSOMULTIBLOCK.EXE
C:\USERS\DANIM\WORKSPACE\PSOLAB\DEBUG\CUDAPSOMULTIBLOCK.PDB
C:\Users\danim\workspace\PSOLab\CudaPSOMultiBlock\Debug\PSOCuda.cu.cache
C:\Users\danim\workspace\PSOLab\CudaPSOMultiBlock\Debug\Main.obj
C:\Users\danim\workspace\PSOLab\CudaPSOMultiBlock\Debug\PSOBase.obj
C:\Users\danim\workspace\PSOLab\CudaPSOMultiBlock\Debug\PSOCuda.cu.obj
C:\Users\danim\workspace\PSOLab\CudaPSOMultiBlock\Debug\cl.command.1.tlog
C:\Users\danim\workspace\PSOLab\CudaPSOMultiBlock\Debug\CL.read.1.tlog
C:\Users\danim\workspace\PSOLab\CudaPSOMultiBlock\Debug\cl.write.1.tlog
C:\Users\danim\workspace\PSOLab\CudaPSOMultiBlock\Debug\link-cvtres.read.1.tlog
C:\Users\danim\workspace\PSOLab\CudaPSOMultiBlock\Debug\link-cvtres.write.1.tlog
C:\Users\danim\workspace\PSOLab\CudaPSOMultiBlock\Debug\link-rc.read.1.tlog
C:\Users\danim\workspace\PSOLab\CudaPSOMultiBlock\Debug\link-rc.write.1.tlog
C:\Users\danim\workspace\PSOLab\CudaPSOMultiBlock\Debug\link.10040-cvtres.read.1.tlog
C:\Users\danim\workspace\PSOLab\CudaPSOMultiBlock\Debug\link.10040-cvtres.write.1.tlog
C:\Users\danim\workspace\PSOLab\CudaPSOMultiBlock\Debug\link.10040-rc.read.1.tlog
C:\Users\danim\workspace\PSOLab\CudaPSOMultiBlock\Debug\link.10040-rc.write.1.tlog
C:\Users\danim\workspace\PSOLab\CudaPSOMultiBlock\Debug\link.10040.read.1.tlog
C:\Users\danim\workspace\PSOLab\CudaPSOMultiBlock\Debug\link.10040.write.1.tlog
C:\Users\danim\workspace\PSOLab\CudaPSOMultiBlock\Debug\link.13164-cvtres.read.1.tlog
C:\Users\danim\workspace\PSOLab\CudaPSOMultiBlock\Debug\link.13164-cvtres.write.1.tlog
C:\Users\danim\workspace\PSOLab\CudaPSOMultiBlock\Debug\link.13164-rc.read.1.tlog
C:\Users\danim\workspace\PSOLab\CudaPSOMultiBlock\Debug\link.13164-rc.write.1.tlog
C:\Users\danim\workspace\PSOLab\CudaPSOMultiBlock\Debug\link.13164.read.1.tlog
C:\Users\danim\workspace\PSOLab\CudaPSOMultiBlock\Debug\link.13164.write.1.tlog
C:\Users\danim\workspace\PSOLab\CudaPSOMultiBlock\Debug\link.15436-cvtres.read.1.tlog
C:\Users\danim\workspace\PSOLab\CudaPSOMultiBlock\Debug\link.15436-cvtres.write.1.tlog
C:\Users\danim\workspace\PSOLab\CudaPSOMultiBlock\Debug\link.15436-rc.read.1.tlog
C:\Users\danim\workspace\PSOLab\CudaPSOMultiBlock\Debug\link.15436-rc.write.1.tlog
C:\Users\danim\workspace\PSOLab\CudaPSOMultiBlock\Debug\link.15436.read.1.tlog
C:\Users\danim\workspace\PSOLab\CudaPSOMultiBlock\Debug\link.15436.write.1.tlog
C:\Users\danim\workspace\PSOLab\CudaPSOMultiBlock\Debug\link.16832-cvtres.read.1.tlog
C:\Users\danim\workspace\PSOLab\CudaPSOMultiBlock\Debug\link.16832-cvtres.write.1.tlog
C:\Users\danim\workspace\PSOLab\CudaPSOMultiBlock\Debug\link.16832-rc.read.1.tlog
C:\Users\danim\workspace\PSOLab\CudaPSOMultiBlock\Debug\link.16832-rc.write.1.tlog
C:\Users\danim\workspace\PSOLab\CudaPSOMultiBlock\Debug\link.16832.read.1.tlog
C:\Users\danim\workspace\PSOLab\CudaPSOMultiBlock\Debug\link.16832.write.1.tlog
C:\Users\danim\workspace\PSOLab\CudaPSOMultiBlock\Debug\link.17908-cvtres.read.1.tlog
C:\Users\danim\workspace\PSOLab\CudaPSOMultiBlock\Debug\link.17908-cvtres.write.1.tlog
C:\Users\danim\workspace\PSOLab\CudaPSOMultiBlock\Debug\link.17908-rc.read.1.tlog
C:\Users\danim\workspace\PSOLab\CudaPSOMultiBlock\Debug\link.17908-rc.write.1.tlog
C:\Users\danim\workspace\PSOLab\CudaPSOMultiBlock\Debug\link.17908.read.1.tlog
C:\Users\danim\workspace\PSOLab\CudaPSOMultiBlock\Debug\link.17908.write.1.tlog
C:\Users\danim\workspace\PSOLab\CudaPSOMultiBlock\Debug\link.17988-cvtres.read.1.tlog
C:\Users\danim\workspace\PSOLab\CudaPSOMultiBlock\Debug\link.17988-cvtres.write.1.tlog
C:\Users\danim\workspace\PSOLab\CudaPSOMultiBlock\Debug\link.17988-rc.read.1.tlog
C:\Users\danim\workspace\PSOLab\CudaPSOMultiBlock\Debug\link.17988-rc.write.1.tlog
C:\Users\danim\workspace\PSOLab\CudaPSOMultiBlock\Debug\link.17988.read.1.tlog
C:\Users\danim\workspace\PSOLab\CudaPSOMultiBlock\Debug\link.17988.write.1.tlog
C:\Users\danim\workspace\PSOLab\CudaPSOMultiBlock\Debug\link.18248-cvtres.read.1.tlog
C:\Users\danim\workspace\PSOLab\CudaPSOMultiBlock\Debug\link.18248-cvtres.write.1.tlog
C:\Users\danim\workspace\PSOLab\CudaPSOMultiBlock\Debug\link.18248-rc.read.1.tlog
C:\Users\danim\workspace\PSOLab\CudaPSOMultiBlock\Debug\link.18248-rc.write.1.tlog
C:\Users\danim\workspace\PSOLab\CudaPSOMultiBlock\Debug\link.18248.read.1.tlog
C:\Users\danim\workspace\PSOLab\CudaPSOMultiBlock\Debug\link.18248.write.1.tlog
C:\Users\danim\workspace\PSOLab\CudaPSOMultiBlock\Debug\link.19292-cvtres.read.1.tlog
C:\Users\danim\workspace\PSOLab\CudaPSOMultiBlock\Debug\link.19292-cvtres.write.1.tlog
C:\Users\danim\workspace\PSOLab\CudaPSOMultiBlock\Debug\link.19292-rc.read.1.tlog
C:\Users\danim\workspace\PSOLab\CudaPSOMultiBlock\Debug\link.19292-rc.write.1.tlog
C:\Users\danim\workspace\PSOLab\CudaPSOMultiBlock\Debug\link.19292.read.1.tlog
C:\Users\danim\workspace\PSOLab\CudaPSOMultiBlock\Debug\link.19292.write.1.tlog
C:\Users\danim\workspace\PSOLab\CudaPSOMultiBlock\Debug\link.6372-cvtres.read.1.tlog
C:\Users\danim\workspace\PSOLab\CudaPSOMultiBlock\Debug\link.6372-cvtres.write.1.tlog
C:\Users\danim\workspace\PSOLab\CudaPSOMultiBlock\Debug\link.6372-rc.read.1.tlog
C:\Users\danim\workspace\PSOLab\CudaPSOMultiBlock\Debug\link.6372-rc.write.1.tlog
C:\Users\danim\workspace\PSOLab\CudaPSOMultiBlock\Debug\link.6372.read.1.tlog
C:\Users\danim\workspace\PSOLab\CudaPSOMultiBlock\Debug\link.6372.write.1.tlog
C:\Users\danim\workspace\PSOLab\CudaPSOMultiBlock\Debug\link.command.1.tlog
C:\Users\danim\workspace\PSOLab\CudaPSOMultiBlock\Debug\link.read.1.tlog
C:\Users\danim\workspace\PSOLab\CudaPSOMultiBlock\Debug\link.write.1.tlog
C:\Users\danim\workspace\PSOLab\CudaPSOMultiBlock\Debug\vc110.idb
C:\Users\danim\workspace\PSOLab\CudaPSOMultiBlock\Debug\vc110.pdb
C:\Users\danim\workspace\PSOLab\Debug\CudaPSOMultiBlock.pdb
C:\Users\danim\workspace\PSOLab\Debug\CudaPSOMultiBlock.exe
C:\Users\danim\workspace\PSOLab\Debug\CudaPSOMultiBlock.ilk
