C:\USERS\DANIM\WORKSPACE\PSOLAB\CPPPSO\DEBUG\MAIN.OBJ
C:\USERS\DANIM\WORKSPACE\PSOLAB\CPPPSO\DEBUG\PSOBASE.OBJ
C:\USERS\DANIM\WORKSPACE\PSOLAB\CPPPSO\DEBUG\VC110.PDB
C:\USERS\DANIM\WORKSPACE\PSOLAB\CPPPSO\DEBUG\PSOCPP.OBJ
C:\USERS\DANIM\WORKSPACE\PSOLAB\DEBUG\CPPPSO.ILK
C:\USERS\DANIM\WORKSPACE\PSOLAB\DEBUG\CPPPSO.EXE
C:\USERS\DANIM\WORKSPACE\PSOLAB\DEBUG\CPPPSO.PDB
C:\Users\danim\workspace\PSOLab\CppPSO\Debug\kernel.cu.cache
C:\Users\danim\workspace\PSOLab\CppPSO\Debug\kernel.cu.obj
C:\Users\danim\workspace\PSOLab\CppPSO\Debug\Main.obj
C:\Users\danim\workspace\PSOLab\CppPSO\Debug\PSOBase.obj
C:\Users\danim\workspace\PSOLab\CppPSO\Debug\PSOCpp.obj
C:\Users\danim\workspace\PSOLab\CppPSO\Debug\cl.command.1.tlog
C:\Users\danim\workspace\PSOLab\CppPSO\Debug\CL.read.1.tlog
C:\Users\danim\workspace\PSOLab\CppPSO\Debug\CL.write.1.tlog
C:\Users\danim\workspace\PSOLab\CppPSO\Debug\link-cvtres.read.1.tlog
C:\Users\danim\workspace\PSOLab\CppPSO\Debug\link-cvtres.write.1.tlog
C:\Users\danim\workspace\PSOLab\CppPSO\Debug\link-rc.read.1.tlog
C:\Users\danim\workspace\PSOLab\CppPSO\Debug\link-rc.write.1.tlog
C:\Users\danim\workspace\PSOLab\CppPSO\Debug\link.12472-cvtres.read.1.tlog
C:\Users\danim\workspace\PSOLab\CppPSO\Debug\link.12472-cvtres.write.1.tlog
C:\Users\danim\workspace\PSOLab\CppPSO\Debug\link.12472-rc.read.1.tlog
C:\Users\danim\workspace\PSOLab\CppPSO\Debug\link.12472-rc.write.1.tlog
C:\Users\danim\workspace\PSOLab\CppPSO\Debug\link.12472.read.1.tlog
C:\Users\danim\workspace\PSOLab\CppPSO\Debug\link.12472.write.1.tlog
C:\Users\danim\workspace\PSOLab\CppPSO\Debug\link.command.1.tlog
C:\Users\danim\workspace\PSOLab\CppPSO\Debug\link.read.1.tlog
C:\Users\danim\workspace\PSOLab\CppPSO\Debug\link.write.1.tlog
C:\Users\danim\workspace\PSOLab\CppPSO\Debug\vc110.idb
C:\Users\danim\workspace\PSOLab\CppPSO\Debug\vc110.pdb
C:\Users\danim\workspace\PSOLab\Debug\CppPSO.pdb
C:\Users\danim\workspace\PSOLab\Debug\CppPSO.exe
C:\Users\danim\workspace\PSOLab\Debug\CppPSO.ilk
